19:45:49 **** Incremental Build of configuration Debug for project small_led_driver ****
make -j7 all 
arm-none-eabi-size   small_led_driver.elf 
   text	   data	    bss	    dec	    hex	filename
  34280	    280	  12944	  47504	   b990	small_led_driver.elf
Finished building: default.size.stdout
 
19:45:54 **** Incremental Build of configuration Debug for project small_led_driver ****
make -j7 all 
arm-none-eabi-size   small_led_driver.elf 
   text	   data	    bss	    dec	    hex	filename
  34280	    280	  12944	  47504	   b990	small_led_driver.elf
Finished building: default.size.stdout
 
19:47:18 **** Incremental Build of configuration Debug for project small_led_driver ****
make -j7 all 
arm-none-eabi-size   small_led_driver.elf 
   text	   data	    bss	    dec	    hex	filename
  34280	    280	  12944	  47504	   b990	small_led_driver.elf
Finished building: default.size.stdout
 
19:49:26 **** Incremental Build of configuration Debug for project small_led_driver ****
make -j7 all 
arm-none-eabi-gcc "../src/bsp/board_init_common.c" -mcpu=cortex-m4 -std=gnu11 -g3 -DDEBUG -DUSE_HAL_DRIVER -DSTM32L431xx -c -I../sdk/FreeRTOS/Source/CMSIS_RTOS_V2 -I"/Users/spud/Documents/GitHub/Spud_code_collection/STM32/stm32_workspace/fw_common/lib/ws2812b_driver" -I"/Users/spud/Documents/GitHub/Spud_code_collection/STM32/stm32_workspace/fw_common/lib/queue" -I"/Users/spud/Documents/GitHub/Spud_code_collection/STM32/stm32_workspace/fw_common/lib/color_led" -I"/Users/spud/Documents/GitHub/Spud_code_collection/STM32/stm32_workspace/fw_common/lib/animate_led" -I"/Users/spud/Documents/GitHub/Spud_code_collection/STM32/stm32_workspace/fw_common/lib/task" -I"/Users/spud/Documents/GitHub/Spud_code_collection/STM32/stm32_workspace/fw_common/lib/current_monitor" -I"/Users/spud/Documents/GitHub/Spud_code_collection/STM32/stm32_workspace/fw_common/lib/semaphore" -I../src/stm32_bloat -I../sdk/CMSIS/Device/ST/STM32L4xx/Include -I../sdk/CMSIS/Include -I../src/bsp -I../startup -I../src -I../sdk/STM32l4xx_HAL_Driver/Inc -I../sdk/STM32l4xx_HAL_Driver/Inc/Legacy -I../sdk/FreeRTOS/Source -I../sdk/FreeRTOS/Source/include -I../sdk/FreeRTOS/Source/portable/GCC/ARM_CM4F -I../src/bsp/board_specific -I../src/bsp/board_specific/board_init_spud_glo_v1 -I../src/bsp/board_specific/board_init_spud_glo_v2 -I../src/bsp/board_specific/board_init_spud_glo_v3 -I../src/bsp/board_specific/board_init_spud_glo_v4 -O0 -ffunction-sections -fdata-sections -Wall -fstack-usage -MMD -MP -MF"src/bsp/board_init_common.d" -MT"src/bsp/board_init_common.o" --specs=nano.specs -mfpu=fpv4-sp-d16 -mfloat-abi=hard -mthumb -o "src/bsp/board_init_common.o"
../src/bsp/board_init_common.c: In function 'SystemClock_Config':
../src/bsp/board_init_common.c:62:30: warning: unused variable 'PeriphClkInit' [-Wunused-variable]
   62 |     RCC_PeriphCLKInitTypeDef PeriphClkInit = {0};
      |                              ^~~~~~~~~~~~~
At top level:
../src/bsp/board_init_common.c:39:13: warning: 'board_init_common_rtc_init' defined but not used [-Wunused-function]
   39 | static void board_init_common_rtc_init(void)
      |             ^~~~~~~~~~~~~~~~~~~~~~~~~~
arm-none-eabi-gcc -o "small_led_driver.elf" @"objects.list"   -mcpu=cortex-m4 -T"/Users/spud/Documents/GitHub/Spud_code_collection/STM32/stm32_workspace/small_led_driver/STM32L431RCTX_FLASH.ld" --specs=nosys.specs -Wl,-Map="small_led_driver.map" -Wl,--gc-sections -static --specs=nano.specs -mfpu=fpv4-sp-d16 -mfloat-abi=hard -mthumb -Wl,--start-group -lc -lm -Wl,--end-group
Finished building target: small_led_driver.elf
 
arm-none-eabi-size   small_led_driver.elf 
arm-none-eabi-objdump -h -S  small_led_driver.elf  > "small_led_driver.list"
   text	   data	    bss	    dec	    hex	filename
  33376	    280	  12944	  46600	   b608	small_led_driver.elf
Finished building: default.size.stdout
 
Finished building: small_led_driver.list
 
19:51:25 **** Incremental Build of configuration Debug for project small_led_driver ****
make -j7 all 
arm-none-eabi-gcc "../src/bsp/board_init_common.c" -mcpu=cortex-m4 -std=gnu11 -g3 -DDEBUG -DUSE_HAL_DRIVER -DSTM32L431xx -c -I../sdk/FreeRTOS/Source/CMSIS_RTOS_V2 -I"/Users/spud/Documents/GitHub/Spud_code_collection/STM32/stm32_workspace/fw_common/lib/ws2812b_driver" -I"/Users/spud/Documents/GitHub/Spud_code_collection/STM32/stm32_workspace/fw_common/lib/queue" -I"/Users/spud/Documents/GitHub/Spud_code_collection/STM32/stm32_workspace/fw_common/lib/color_led" -I"/Users/spud/Documents/GitHub/Spud_code_collection/STM32/stm32_workspace/fw_common/lib/animate_led" -I"/Users/spud/Documents/GitHub/Spud_code_collection/STM32/stm32_workspace/fw_common/lib/task" -I"/Users/spud/Documents/GitHub/Spud_code_collection/STM32/stm32_workspace/fw_common/lib/current_monitor" -I"/Users/spud/Documents/GitHub/Spud_code_collection/STM32/stm32_workspace/fw_common/lib/semaphore" -I../src/stm32_bloat -I../sdk/CMSIS/Device/ST/STM32L4xx/Include -I../sdk/CMSIS/Include -I../src/bsp -I../startup -I../src -I../sdk/STM32l4xx_HAL_Driver/Inc -I../sdk/STM32l4xx_HAL_Driver/Inc/Legacy -I../sdk/FreeRTOS/Source -I../sdk/FreeRTOS/Source/include -I../sdk/FreeRTOS/Source/portable/GCC/ARM_CM4F -I../src/bsp/board_specific -I../src/bsp/board_specific/board_init_spud_glo_v1 -I../src/bsp/board_specific/board_init_spud_glo_v2 -I../src/bsp/board_specific/board_init_spud_glo_v3 -I../src/bsp/board_specific/board_init_spud_glo_v4 -O0 -ffunction-sections -fdata-sections -Wall -fstack-usage -MMD -MP -MF"src/bsp/board_init_common.d" -MT"src/bsp/board_init_common.o" --specs=nano.specs -mfpu=fpv4-sp-d16 -mfloat-abi=hard -mthumb -o "src/bsp/board_init_common.o"
../src/bsp/board_init_common.c: In function 'SystemClock_Config':
../src/bsp/board_init_common.c:62:30: warning: unused variable 'PeriphClkInit' [-Wunused-variable]
   62 |     RCC_PeriphCLKInitTypeDef PeriphClkInit = {0};
      |                              ^~~~~~~~~~~~~
At top level:
../src/bsp/board_init_common.c:39:13: warning: 'board_init_common_rtc_init' defined but not used [-Wunused-function]
   39 | static void board_init_common_rtc_init(void)
      |             ^~~~~~~~~~~~~~~~~~~~~~~~~~
arm-none-eabi-gcc -o "small_led_driver.elf" @"objects.list"   -mcpu=cortex-m4 -T"/Users/spud/Documents/GitHub/Spud_code_collection/STM32/stm32_workspace/small_led_driver/STM32L431RCTX_FLASH.ld" --specs=nosys.specs -Wl,-Map="small_led_driver.map" -Wl,--gc-sections -static --specs=nano.specs -mfpu=fpv4-sp-d16 -mfloat-abi=hard -mthumb -Wl,--start-group -lc -lm -Wl,--end-group
Finished building target: small_led_driver.elf
 
arm-none-eabi-size   small_led_driver.elf 
arm-none-eabi-objdump -h -S  small_led_driver.elf  > "small_led_driver.list"
   text	   data	    bss	    dec	    hex	filename
  32960	    280	  12944	  46184	   b468	small_led_driver.elf
Finished building: default.size.stdout
 
Finished building: small_led_driver.list
 
