17:59:14 **** Incremental Build of configuration Debug for project spudglo ****
make -j7 all 
arm-none-eabi-gcc "../src/flash/flash_info.c" -mcpu=cortex-m4 -std=gnu11 -g3 -DDEBUG -DUSE_HAL_DRIVER -DSTM32L431xx -c -I"/Users/spud/Documents/GitHub/Spud_code_collection/STM32/stm32_workspace/common/lib/led/animate_led" -I"/Users/spud/Documents/GitHub/Spud_code_collection/STM32/stm32_workspace/common/lib/task" -I../sdk/FreeRTOS/Source/CMSIS_RTOS_V2 -I../src/stm32_bloat -I../sdk/CMSIS/Device/ST/STM32L4xx/Include -I../src/bsp -I../startup -I../src -I../sdk/STM32l4xx_HAL_Driver/Inc -I../sdk/STM32l4xx_HAL_Driver/Inc/Legacy -I../sdk/FreeRTOS/Source -I../sdk/FreeRTOS/Source/include -I../sdk/FreeRTOS/Source/portable/GCC/ARM_CM4F -I../src/bsp/board_specific -I../src/bsp/board_specific/board_init_spud_glo_v3 -I../src/bsp/board_specific/board_init_spud_glo_v4 -I../sdk/CMSIS/Include -I../src/bsp/stm32_bloat -I../src/flash -I../src/task -I../src/util -I"/Users/spud/Documents/GitHub/Spud_code_collection/STM32/stm32_workspace/common/lib/semaphore" -I"/Users/spud/Documents/GitHub/Spud_code_collection/STM32/stm32_workspace/common/lib/current_monitor" -I"/Users/spud/Documents/GitHub/Spud_code_collection/STM32/stm32_workspace/common/lib/queue" -I"/Users/spud/Documents/GitHub/Spud_code_collection/STM32/stm32_workspace/common/lib/led/ws2812b_driver" -I"/Users/spud/Documents/GitHub/Spud_code_collection/STM32/stm32_workspace/common/lib/led/color_led" -I"/Users/spud/Documents/GitHub/Spud_code_collection/STM32/stm32_workspace/common/lib/pkt" -O0 -ffunction-sections -fdata-sections -Wall -fstack-usage -MMD -MP -MF"src/flash/flash_info.d" -MT"src/flash/flash_info.o" --specs=nano.specs -mfpu=fpv4-sp-d16 -mfloat-abi=hard -mthumb -o "src/flash/flash_info.o"
../src/flash/flash_info.c: In function 'flash_info_read_data':
../src/flash/flash_info.c:417:37: warning: passing argument 2 of 'flash_access_read_flash' makes pointer from integer without a cast [-Wint-conversion]
  417 |     flash_access_read_flash(p_data, flash_address, num_bytes);
      |                                     ^~~~~~~~~~~~~
      |                                     |
      |                                     uint64_t {aka long long unsigned int}
In file included from ../src/flash/flash_info.c:9:
../src/flash/flash_access.h:11:50: note: expected 'void *' but argument is of type 'uint64_t' {aka 'long long unsigned int'}
   11 | void flash_access_read_flash(void *p_data, void *address, uint16_t num_bytes);
      |                                            ~~~~~~^~~~~~~
../src/flash/flash_info.c: In function 'flash_info_write_data':
../src/flash/flash_info.c:558:53: warning: cast to pointer from integer of different size [-Wint-to-pointer-cast]
  558 |         flash_access_write_to_flash((void *)p_data, (void *)flash_address, num_bytes);
      |                                                     ^
../src/flash/flash_info.c:558:53: warning: passing argument 2 of 'flash_access_write_to_flash' makes integer from pointer without a cast [-Wint-conversion]
  558 |         flash_access_write_to_flash((void *)p_data, (void *)flash_address, num_bytes);
      |                                                     ^~~~~~~~~~~~~~~~~~~~~
      |                                                     |
      |                                                     void *
In file included from ../src/flash/flash_info.c:9:
../src/flash/flash_access.h:12:61: note: expected 'uint64_t' {aka 'long long unsigned int'} but argument is of type 'void *'
   12 | void flash_access_write_to_flash(uint64_t *p_data, uint64_t address, uint16_t num_bytes);
      |                                                    ~~~~~~~~~^~~~~~~
../src/flash/flash_info.c: In function 'flash_info_firmware_version':
../src/flash/flash_info.c:581:29: warning: unused variable 'version_date_time' [-Wunused-variable]
  581 |     version_date_and_time_t version_date_time = \
      |                             ^~~~~~~~~~~~~~~~~
arm-none-eabi-gcc -o "spudglo.elf" @"objects.list"   -mcpu=cortex-m4 -T"/Users/spud/Documents/GitHub/Spud_code_collection/STM32/stm32_workspace/spudglo/STM32L431RCTX_FLASH.ld" --specs=nosys.specs -Wl,-Map="spudglo.map" -Wl,--gc-sections -static --specs=nano.specs -mfpu=fpv4-sp-d16 -mfloat-abi=hard -mthumb -Wl,--start-group -lc -lm -Wl,--end-group
Finished building target: spudglo.elf
 
arm-none-eabi-size   spudglo.elf 
arm-none-eabi-objdump -h -S  spudglo.elf  > "spudglo.list"
   text	   data	    bss	    dec	    hex	filename
  51256	    560	  15440	  67256	  106b8	spudglo.elf
Finished building: default.size.stdout
 
Finished building: spudglo.list
 

17:59:15 Build Finished. 0 errors, 4 warnings. (took 1s.149ms)

