2020-12-24 16:23:19,182 [INFO] Activator:178 - 


2020-12-24 16:23:19,184 [INFO] Activator:179 - !SESSION log4j initialized
2020-12-24 16:23:27,485 [INFO] ApplicationProperties:181 - Using Application install path: C:\ST\STM32CubeIDE_1.4.0\STM32CubeIDE\plugins\com.st.stm32cube.common.mx_6.0.0.202007160824
2020-12-24 16:23:27,495 [INFO] DbMcusXml:70 - Set database path to: C:\ST\STM32CubeIDE_1.4.0\STM32CubeIDE\plugins\com.st.stm32cube.common.mx_6.0.0.202007160824\\db\/mcu/
2020-12-24 16:23:27,498 [INFO] DbBoardsPdsc:56 - Set plugin database path to: C:\ST\STM32CubeIDE_1.4.0\STM32CubeIDE\plugins\com.st.stm32cube.common.mx_6.0.0.202007160824\\db\/plugins/boardmanager/
2020-12-24 16:23:27,499 [INFO] DbMcus:258 - Set plugin images path to: C:\ST\STM32CubeIDE_1.4.0\STM32CubeIDE\plugins\com.st.stm32cube.common.mx_6.0.0.202007160824\\db\/plugins/mcufinder/images/
2020-12-24 16:23:27,499 [INFO] DbBoards:264 - Set plugin images path to: C:\ST\STM32CubeIDE_1.4.0\STM32CubeIDE\plugins\com.st.stm32cube.common.mx_6.0.0.202007160824\\db\/plugins/mcufinder/images/
2020-12-24 16:23:27,501 [INFO] DbExamples:326 - Set plugin images path to: C:\ST\STM32CubeIDE_1.4.0\STM32CubeIDE\plugins\com.st.stm32cube.common.mx_6.0.0.202007160824\\db\/plugins/mcufinder/images/
2020-12-24 16:23:27,505 [INFO] DbMcusDocs:112 - Set database path to: C:\Users\splat\.stmcufinder\plugins\mcufinder//mcu/
2020-12-24 16:23:27,507 [INFO] DbMcusJson:63 - Set database path to: C:\Users\splat\.stmcufinder\plugins\mcufinder//mcu/
2020-12-24 16:23:27,507 [INFO] DbBoardsDocs:112 - Set database path to: C:\Users\splat\.stmcufinder\plugins\mcufinder//mcu/
2020-12-24 16:23:27,508 [INFO] DbBoardsJson:56 - Set database path to: C:\Users\splat\.stmcufinder\plugins\mcufinder//mcu/
2020-12-24 16:23:27,511 [INFO] CrossReferenceDbSqlite:196 - Set database path to: C:\Users\splat\.stmcufinder\plugins\mcufinder//mcu/cs/
2020-12-24 16:23:27,514 [INFO] DbExamplesSqlite:800 - Set database path to: C:\Users\splat\.stmcufinder\plugins\mcufinder//mcu/
2020-12-24 16:23:27,599 [INFO] RulesReader:52 - Compatibility file has been processed (209 Rules)
2020-12-24 16:23:27,711 [INFO] MicroXplorer:564 - Detected Java Version = 1.8.0_252
2020-12-24 16:23:27,711 [INFO] DbMcusXml:70 - Set database path to: C:\ST\STM32CubeIDE_1.4.0\STM32CubeIDE\plugins\com.st.stm32cube.common.mx_6.0.0.202007160824\\db\/mcu/
2020-12-24 16:23:27,711 [INFO] DbBoardsPdsc:56 - Set plugin database path to: C:\ST\STM32CubeIDE_1.4.0\STM32CubeIDE\plugins\com.st.stm32cube.common.mx_6.0.0.202007160824\\db\/plugins/boardmanager/
2020-12-24 16:23:27,712 [INFO] DbMcus:258 - Set plugin images path to: C:\ST\STM32CubeIDE_1.4.0\STM32CubeIDE\plugins\com.st.stm32cube.common.mx_6.0.0.202007160824\\db\/plugins/mcufinder/images/
2020-12-24 16:23:27,712 [INFO] DbBoards:264 - Set plugin images path to: C:\ST\STM32CubeIDE_1.4.0\STM32CubeIDE\plugins\com.st.stm32cube.common.mx_6.0.0.202007160824\\db\/plugins/mcufinder/images/
2020-12-24 16:23:27,713 [INFO] DbExamples:326 - Set plugin images path to: C:\ST\STM32CubeIDE_1.4.0\STM32CubeIDE\plugins\com.st.stm32cube.common.mx_6.0.0.202007160824\\db\/plugins/mcufinder/images/
2020-12-24 16:23:27,713 [WARN] DbFile:36 - Overriding database path with different value: C:\Users\splat\.stmcufinder\plugins\mcufinder/ => C:\Users\splat\.stmcufinder\plugins\mcufinder
2020-12-24 16:23:27,713 [INFO] DbMcusDocs:112 - Set database path to: C:\Users\splat\.stmcufinder\plugins\mcufinder//mcu/
2020-12-24 16:23:27,713 [WARN] DbFile:36 - Overriding database path with different value: C:\Users\splat\.stmcufinder\plugins\mcufinder/ => C:\Users\splat\.stmcufinder\plugins\mcufinder
2020-12-24 16:23:27,713 [INFO] DbMcusJson:63 - Set database path to: C:\Users\splat\.stmcufinder\plugins\mcufinder//mcu/
2020-12-24 16:23:27,714 [WARN] DbFile:36 - Overriding database path with different value: C:\Users\splat\.stmcufinder\plugins\mcufinder/ => C:\Users\splat\.stmcufinder\plugins\mcufinder
2020-12-24 16:23:27,714 [INFO] DbBoardsDocs:112 - Set database path to: C:\Users\splat\.stmcufinder\plugins\mcufinder//mcu/
2020-12-24 16:23:27,714 [WARN] DbFile:36 - Overriding database path with different value: C:\Users\splat\.stmcufinder\plugins\mcufinder/ => C:\Users\splat\.stmcufinder\plugins\mcufinder
2020-12-24 16:23:27,714 [INFO] DbBoardsJson:56 - Set database path to: C:\Users\splat\.stmcufinder\plugins\mcufinder//mcu/
2020-12-24 16:23:27,714 [WARN] DbFile:36 - Overriding database path with different value: C:\Users\splat\.stmcufinder\plugins\mcufinder/ => C:\Users\splat\.stmcufinder\plugins\mcufinder
2020-12-24 16:23:27,714 [WARN] DbFile:36 - Overriding database path with different value: C:\Users\splat\.stmcufinder\plugins\mcufinder/ => C:\Users\splat\.stmcufinder\plugins\mcufinder
2020-12-24 16:23:27,715 [INFO] CrossReferenceDbSqlite:196 - Set database path to: C:\Users\splat\.stmcufinder\plugins\mcufinder//mcu/cs/
2020-12-24 16:23:27,715 [WARN] DbFile:36 - Overriding database path with different value: C:\Users\splat\.stmcufinder\plugins\mcufinder/ => C:\Users\splat\.stmcufinder\plugins\mcufinder
2020-12-24 16:23:27,715 [INFO] DbExamplesSqlite:800 - Set database path to: C:\Users\splat\.stmcufinder\plugins\mcufinder//mcu/
2020-12-24 16:23:27,776 [INFO] MainPanel:189 - HeapMemory: 321912832
2020-12-24 16:23:27,825 [INFO] DbMcusXml:70 - Set database path to: C:\ST\STM32CubeIDE_1.4.0\STM32CubeIDE\plugins\com.st.stm32cube.common.mx_6.0.0.202007160824\\db\/mcu/
2020-12-24 16:23:27,825 [INFO] DbBoardsPdsc:56 - Set plugin database path to: C:\ST\STM32CubeIDE_1.4.0\STM32CubeIDE\plugins\com.st.stm32cube.common.mx_6.0.0.202007160824\\db\/plugins/boardmanager/
2020-12-24 16:23:27,826 [INFO] DbMcus:258 - Set plugin images path to: C:\ST\STM32CubeIDE_1.4.0\STM32CubeIDE\plugins\com.st.stm32cube.common.mx_6.0.0.202007160824\\db\/plugins/mcufinder/images/
2020-12-24 16:23:27,826 [INFO] DbBoards:264 - Set plugin images path to: C:\ST\STM32CubeIDE_1.4.0\STM32CubeIDE\plugins\com.st.stm32cube.common.mx_6.0.0.202007160824\\db\/plugins/mcufinder/images/
2020-12-24 16:23:27,826 [INFO] DbExamples:326 - Set plugin images path to: C:\ST\STM32CubeIDE_1.4.0\STM32CubeIDE\plugins\com.st.stm32cube.common.mx_6.0.0.202007160824\\db\/plugins/mcufinder/images/
2020-12-24 16:23:27,826 [WARN] DbFile:36 - Overriding database path with different value: C:\Users\splat\.stmcufinder\plugins\mcufinder/ => C:\Users\splat\.stmcufinder\plugins\mcufinder
2020-12-24 16:23:27,827 [INFO] DbMcusDocs:112 - Set database path to: C:\Users\splat\.stmcufinder\plugins\mcufinder//mcu/
2020-12-24 16:23:27,827 [WARN] DbFile:36 - Overriding database path with different value: C:\Users\splat\.stmcufinder\plugins\mcufinder/ => C:\Users\splat\.stmcufinder\plugins\mcufinder
2020-12-24 16:23:27,827 [INFO] DbMcusJson:63 - Set database path to: C:\Users\splat\.stmcufinder\plugins\mcufinder//mcu/
2020-12-24 16:23:27,827 [WARN] DbFile:36 - Overriding database path with different value: C:\Users\splat\.stmcufinder\plugins\mcufinder/ => C:\Users\splat\.stmcufinder\plugins\mcufinder
2020-12-24 16:23:27,827 [INFO] DbBoardsDocs:112 - Set database path to: C:\Users\splat\.stmcufinder\plugins\mcufinder//mcu/
2020-12-24 16:23:27,827 [WARN] DbFile:36 - Overriding database path with different value: C:\Users\splat\.stmcufinder\plugins\mcufinder/ => C:\Users\splat\.stmcufinder\plugins\mcufinder
2020-12-24 16:23:27,827 [INFO] DbBoardsJson:56 - Set database path to: C:\Users\splat\.stmcufinder\plugins\mcufinder//mcu/
2020-12-24 16:23:27,828 [WARN] DbFile:36 - Overriding database path with different value: C:\Users\splat\.stmcufinder\plugins\mcufinder/ => C:\Users\splat\.stmcufinder\plugins\mcufinder
2020-12-24 16:23:27,828 [WARN] DbFile:36 - Overriding database path with different value: C:\Users\splat\.stmcufinder\plugins\mcufinder/ => C:\Users\splat\.stmcufinder\plugins\mcufinder
2020-12-24 16:23:27,828 [INFO] CrossReferenceDbSqlite:196 - Set database path to: C:\Users\splat\.stmcufinder\plugins\mcufinder//mcu/cs/
2020-12-24 16:23:27,829 [WARN] DbFile:36 - Overriding database path with different value: C:\Users\splat\.stmcufinder\plugins\mcufinder/ => C:\Users\splat\.stmcufinder\plugins\mcufinder
2020-12-24 16:23:27,829 [INFO] DbExamplesSqlite:800 - Set database path to: C:\Users\splat\.stmcufinder\plugins\mcufinder//mcu/
2020-12-24 16:23:27,845 [INFO] ApplicationProperties:181 - Using Application install path: C:\ST\STM32CubeIDE_1.4.0\STM32CubeIDE\plugins\com.st.stm32cube.common.mx_6.0.0.202007160824
2020-12-24 16:23:27,846 [INFO] PluginManage:178 - Search for loadable plugins [exclusion list=, ]
2020-12-24 16:23:27,848 [INFO] PluginManage:292 - Check plugin analytics
2020-12-24 16:23:27,976 [INFO] AnalyticsPlugin:203 - Accepted Software Licenses: 
2020-12-24 16:23:27,977 [INFO] AnalyticsPlugin:205 - Accepted CMSIS Pack Licenses: 
2020-12-24 16:23:27,977 [INFO] AnalyticsPlugin:207 - Accepted Firmware Licenses: 
2020-12-24 16:23:27,978 [INFO] PluginManage:342 - Loaded plugin analytics (category:tool,tabindex:-1)
2020-12-24 16:23:27,978 [INFO] PluginManage:292 - Check plugin clock
2020-12-24 16:23:27,988 [INFO] PluginManage:342 - Loaded plugin clock (category:base,tabindex:2)
2020-12-24 16:23:27,988 [INFO] PluginManage:292 - Check plugin ddr
2020-12-24 16:23:27,990 [INFO] PluginManage:342 - Loaded plugin ddr (category:tool,tabindex:6)
2020-12-24 16:23:27,990 [INFO] PluginManage:292 - Check plugin filemanager
2020-12-24 16:23:28,090 [INFO] PluginManage:342 - Loaded plugin filemanager (category:base,tabindex:10)
2020-12-24 16:23:28,090 [INFO] PluginManage:292 - Check plugin ipmanager
2020-12-24 16:23:28,098 [INFO] PluginManage:342 - Loaded plugin ipmanager (category:base,tabindex:5)
2020-12-24 16:23:28,098 [INFO] PluginManage:292 - Check plugin pinoutandconfiguration
2020-12-24 16:23:28,106 [INFO] PluginManage:342 - Loaded plugin pinoutandconfiguration (category:base,tabindex:1)
2020-12-24 16:23:28,106 [INFO] PluginManage:292 - Check plugin pinoutconfig
2020-12-24 16:23:28,129 [INFO] PluginManage:342 - Loaded plugin pinoutconfig (category:base,tabindex:0)
2020-12-24 16:23:28,130 [INFO] PluginManage:292 - Check plugin power
2020-12-24 16:23:28,138 [INFO] PluginManage:342 - Loaded plugin power (category:power,tabindex:4)
2020-12-24 16:23:28,138 [INFO] PluginManage:292 - Check plugin projectmanager
2020-12-24 16:23:28,153 [INFO] PluginManage:342 - Loaded plugin projectmanager (category:projectmanager,tabindex:3)
2020-12-24 16:23:28,153 [INFO] PluginManage:292 - Check plugin thirdparty
2020-12-24 16:23:28,232 [INFO] ThirdPartyDb:333 - Open Third Party DataBase File (C:/Users/splat/.stm32cubemx/plugins/thirdparty/db/thirdparties_db.xml) : 37 ms. number of Sw pack : 33
2020-12-24 16:23:28,237 [INFO] PluginManage:342 - Loaded plugin thirdparty (category:base,tabindex:-1)
2020-12-24 16:23:28,237 [INFO] PluginManage:292 - Check plugin tools
2020-12-24 16:23:28,239 [INFO] PluginManage:342 - Loaded plugin tools (category:base,tabindex:7)
2020-12-24 16:23:28,239 [INFO] PluginManage:292 - Check plugin tutovideos
2020-12-24 16:23:28,416 [INFO] PluginManage:342 - Loaded plugin tutovideos (category:base,tabindex:-1)
2020-12-24 16:23:28,416 [INFO] PluginManage:292 - Check plugin updater
2020-12-24 16:23:28,427 [INFO] PluginManage:342 - Loaded plugin updater (category:base,tabindex:12)
2020-12-24 16:23:28,428 [INFO] PluginManage:265 - PluginManage : Loaded plugins [13]
2020-12-24 16:23:28,608 [INFO] PinOutPanel:1418 - setPackage(No Configuration,No Configuration)
2020-12-24 16:23:28,718 [INFO] IPUIPlugin:64 - create IPUIPlugin
2020-12-24 16:23:28,719 [INFO] PluginManager:200 - loadIPPluginJar : add adc
2020-12-24 16:23:28,721 [INFO] IPUIPlugin:64 - create IPUIPlugin
2020-12-24 16:23:28,721 [INFO] PluginManager:200 - loadIPPluginJar : add aes
2020-12-24 16:23:28,723 [INFO] IPUIPlugin:64 - create IPUIPlugin
2020-12-24 16:23:28,723 [INFO] PluginManager:200 - loadIPPluginJar : add can
2020-12-24 16:23:28,725 [INFO] IPUIPlugin:64 - create IPUIPlugin
2020-12-24 16:23:28,725 [INFO] PluginManager:200 - loadIPPluginJar : add comp
2020-12-24 16:23:28,726 [INFO] IPUIPlugin:64 - create IPUIPlugin
2020-12-24 16:23:28,727 [INFO] PluginManager:200 - loadIPPluginJar : add cryp
2020-12-24 16:23:28,728 [INFO] IPUIPlugin:64 - create IPUIPlugin
2020-12-24 16:23:28,728 [INFO] PluginManager:200 - loadIPPluginJar : add dfsdm
2020-12-24 16:23:28,732 [INFO] IPUIPlugin:64 - create IPUIPlugin
2020-12-24 16:23:28,733 [INFO] PluginManager:200 - loadIPPluginJar : add dma
2020-12-24 16:23:28,734 [INFO] IPUIPlugin:64 - create IPUIPlugin
2020-12-24 16:23:28,734 [INFO] PluginManager:200 - loadIPPluginJar : add fatfs
2020-12-24 16:23:28,737 [INFO] IPUIPlugin:64 - create IPUIPlugin
2020-12-24 16:23:28,737 [INFO] PluginManager:200 - loadIPPluginJar : add fmc
2020-12-24 16:23:28,741 [INFO] IPUIPlugin:64 - create IPUIPlugin
2020-12-24 16:23:28,742 [INFO] PluginManager:200 - loadIPPluginJar : add freertos
2020-12-24 16:23:28,743 [INFO] IPUIPlugin:64 - create IPUIPlugin
2020-12-24 16:23:28,743 [INFO] PluginManager:200 - loadIPPluginJar : add genericplugin
2020-12-24 16:23:28,745 [INFO] IPUIPlugin:64 - create IPUIPlugin
2020-12-24 16:23:28,745 [INFO] PluginManager:200 - loadIPPluginJar : add gfxmmu
2020-12-24 16:23:28,754 [INFO] IPUIPlugin:64 - create IPUIPlugin
2020-12-24 16:23:28,754 [INFO] PluginManager:200 - loadIPPluginJar : add gic
2020-12-24 16:23:28,757 [INFO] IPUIPlugin:64 - create IPUIPlugin
2020-12-24 16:23:28,757 [INFO] PluginManager:200 - loadIPPluginJar : add gpio
2020-12-24 16:23:28,759 [INFO] IPUIPlugin:64 - create IPUIPlugin
2020-12-24 16:23:28,759 [INFO] PluginManager:200 - loadIPPluginJar : add gtzc
2020-12-24 16:23:28,761 [INFO] IPUIPlugin:64 - create IPUIPlugin
2020-12-24 16:23:28,761 [INFO] PluginManager:200 - loadIPPluginJar : add hash
2020-12-24 16:23:28,763 [INFO] IPUIPlugin:64 - create IPUIPlugin
2020-12-24 16:23:28,763 [INFO] PluginManager:200 - loadIPPluginJar : add i2c
2020-12-24 16:23:28,765 [INFO] IPUIPlugin:64 - create IPUIPlugin
2020-12-24 16:23:28,765 [INFO] PluginManager:200 - loadIPPluginJar : add i2s
2020-12-24 16:23:28,768 [INFO] IPUIPlugin:64 - create IPUIPlugin
2020-12-24 16:23:28,768 [INFO] PluginManager:200 - loadIPPluginJar : add ipddr
2020-12-24 16:23:28,769 [INFO] IPUIPlugin:64 - create IPUIPlugin
2020-12-24 16:23:28,769 [INFO] PluginManager:200 - loadIPPluginJar : add ltdc
2020-12-24 16:23:28,772 [INFO] IPUIPlugin:64 - create IPUIPlugin
2020-12-24 16:23:28,772 [INFO] PluginManager:200 - loadIPPluginJar : add mdma
2020-12-24 16:23:28,775 [INFO] IPUIPlugin:64 - create IPUIPlugin
2020-12-24 16:23:28,775 [INFO] PluginManager:200 - loadIPPluginJar : add nvic
2020-12-24 16:23:28,777 [INFO] IPUIPlugin:64 - create IPUIPlugin
2020-12-24 16:23:28,777 [INFO] PluginManager:200 - loadIPPluginJar : add opamp
2020-12-24 16:23:28,779 [INFO] IPUIPlugin:64 - create IPUIPlugin
2020-12-24 16:23:28,779 [INFO] PluginManager:200 - loadIPPluginJar : add openamp
2020-12-24 16:23:28,781 [INFO] IPUIPlugin:64 - create IPUIPlugin
2020-12-24 16:23:28,781 [INFO] PluginManager:200 - loadIPPluginJar : add pdm2pcm
2020-12-24 16:23:28,787 [INFO] IPUIPlugin:64 - create IPUIPlugin
2020-12-24 16:23:28,790 [INFO] PluginManager:200 - loadIPPluginJar : add plateformsettings
2020-12-24 16:23:28,791 [INFO] IPUIPlugin:64 - create IPUIPlugin
2020-12-24 16:23:28,792 [INFO] PluginManager:200 - loadIPPluginJar : add quadspi
2020-12-24 16:23:28,795 [INFO] IPUIPlugin:64 - create IPUIPlugin
2020-12-24 16:23:28,795 [INFO] PluginManager:200 - loadIPPluginJar : add resmgrutility
2020-12-24 16:23:28,798 [INFO] IPUIPlugin:64 - create IPUIPlugin
2020-12-24 16:23:28,798 [INFO] PluginManager:200 - loadIPPluginJar : add sai
2020-12-24 16:23:28,800 [INFO] IPUIPlugin:64 - create IPUIPlugin
2020-12-24 16:23:28,800 [INFO] PluginManager:200 - loadIPPluginJar : add spi
2020-12-24 16:23:28,803 [INFO] IPUIPlugin:64 - create IPUIPlugin
2020-12-24 16:23:28,803 [INFO] PluginManager:200 - loadIPPluginJar : add stm32_wpan
2020-12-24 16:23:28,805 [INFO] IPUIPlugin:64 - create IPUIPlugin
2020-12-24 16:23:28,805 [INFO] PluginManager:200 - loadIPPluginJar : add tim
2020-12-24 16:23:28,808 [INFO] IPUIPlugin:64 - create IPUIPlugin
2020-12-24 16:23:28,809 [INFO] PluginManager:200 - loadIPPluginJar : add touchsensing
2020-12-24 16:23:28,810 [INFO] IPUIPlugin:64 - create IPUIPlugin
2020-12-24 16:23:28,811 [INFO] PluginManager:200 - loadIPPluginJar : add tracer_emb
2020-12-24 16:23:28,813 [INFO] IPUIPlugin:64 - create IPUIPlugin
2020-12-24 16:23:28,813 [INFO] PluginManager:200 - loadIPPluginJar : add ts
2020-12-24 16:23:28,814 [INFO] IPUIPlugin:64 - create IPUIPlugin
2020-12-24 16:23:28,815 [INFO] PluginManager:200 - loadIPPluginJar : add tsc
2020-12-24 16:23:28,816 [INFO] IPUIPlugin:64 - create IPUIPlugin
2020-12-24 16:23:28,817 [INFO] PluginManager:200 - loadIPPluginJar : add ucpd
2020-12-24 16:23:28,819 [INFO] IPUIPlugin:64 - create IPUIPlugin
2020-12-24 16:23:28,819 [INFO] PluginManager:200 - loadIPPluginJar : add usart
2020-12-24 16:23:29,391 [INFO] CubeProgrammer:457 - [DDR PANEL] - PathOfProgrammer: null
2020-12-24 16:23:30,153 [FATAL] Updater:282 - Updater called before beeing initialized
2020-12-24 16:23:30,296 [FATAL] Updater:282 - Updater called before beeing initialized
2020-12-24 16:23:30,296 [WARN] ThirdParty:775 - waiting for thirdparty lock release [close project]
2020-12-24 16:23:30,296 [INFO] ThirdParty:777 - entering critical section [close project]
2020-12-24 16:23:30,297 [INFO] ThirdParty:790 - exiting critical section [close project]
2020-12-24 16:23:30,300 [INFO] PinOutPanel:1418 - setPackage(No Configuration,No Configuration)
2020-12-24 16:23:30,300 [FATAL] Updater:282 - Updater called before beeing initialized
2020-12-24 16:23:30,305 [ERROR] Updater:967 - MainUpdater not yet initialized. External WinMGr cannot be set.
2020-12-24 16:23:30,306 [INFO] CubeProgrammer:457 - [DDR PANEL] - PathOfProgrammer: C:\ST\STM32CubeIDE_1.4.0\STM32CubeIDE\plugins\com.st.stm32cube.ide.mcu.externaltools.cubeprogrammer.win32_1.4.0.202007081208\tools\bin
2020-12-24 16:23:30,309 [INFO] ProgrammerExecThread:148 - [ProgrammerAPI] CubeProgrammer command construction: C:\ST\STM32CubeIDE_1.4.0\STM32CubeIDE\plugins\com.st.stm32cube.ide.mcu.externaltools.cubeprogrammer.win32_1.4.0.202007081208\tools\bin\STM32_Programmer_CLI.exe -l
2020-12-24 16:23:30,511 [INFO] MainDdrPanel:49 - [DDR PANEL] SETTER - Set cubeProgrammerPath to: C:\ST\STM32CubeIDE_1.4.0\STM32CubeIDE\plugins\com.st.stm32cube.ide.mcu.externaltools.cubeprogrammer.win32_1.4.0.202007081208\tools\bin
2020-12-24 16:23:30,526 [INFO] Updater:904 - Updater Version found : 6.0.0
2020-12-24 16:23:30,543 [INFO] ApplicationProperties:181 - Using Application install path: C:\ST\STM32CubeIDE_1.4.0\STM32CubeIDE\plugins\com.st.stm32cube.common.mx_6.0.0.202007160824
2020-12-24 16:23:30,745 [INFO] MainUpdater:2268 - connection check result : 10
2020-12-24 16:23:30,746 [INFO] MainUpdater:239 - Updater Check For Update Now.
2020-12-24 16:23:30,746 [INFO] MicroXplorer:414 - Change Database Version : DB.6.0.0
2020-12-24 16:23:30,778 [INFO] CheckServerUpdateThread:102 - End of CheckServer Thread
2020-12-24 16:23:30,852 [INFO] MainUpdater:2268 - connection check result : 10
2020-12-24 16:23:30,886 [INFO] MainUpdater:2268 - connection check result : 10
2020-12-24 16:23:30,997 [INFO] McuFinderGlobals:40 - Set McuFinder mode to 2 (CubeIDE integrated)
2020-12-24 16:23:31,238 [WARN] IntegrityCheckThread:61 - waiting for thirdparty lock release [integrity check]
2020-12-24 16:23:31,238 [INFO] IntegrityCheckThread:63 - entering critical section [integrity check]
2020-12-24 16:23:31,264 [INFO] CrossSelectorPresenter:1330 - Cross Selector saved comparison directory: C:\Users\splat\.stmcufinder\plugins\mcufinder\mcu\cs_comparisons_mx
2020-12-24 16:23:31,269 [INFO] MultiScanPanel:193 - Auto-refresh data requested => check proxy status ongoing
2020-12-24 16:23:31,272 [INFO] FinderPluginLoader:87 - Searching for filters in installed packs
2020-12-24 16:23:31,273 [INFO] DbMcusXml:100 - Load MCU database from C:\ST\STM32CubeIDE_1.4.0\STM32CubeIDE\plugins\com.st.stm32cube.common.mx_6.0.0.202007160824\\db\/mcu/families.xml
2020-12-24 16:23:31,517 [INFO] ThirdPartyDb:299 - Save Third Party DataBase File (C:/Users/splat/.stm32cubemx/plugins/thirdparty/db/thirdparties_db.xml) [forced]
2020-12-24 16:23:31,611 [INFO] ThirdPartyDb:299 - Save Third Party DataBase File (C:/Users/splat/.stm32cubemx/plugins/thirdparty/db/thirdparties_db.xml) [forced]
2020-12-24 16:23:31,665 [INFO] IntegrityCheckThread:76 - exiting critical section [integrity check]
2020-12-24 16:23:31,665 [INFO] IntegrityCheckThread:79 - End integrity checks thread
2020-12-24 16:23:32,173 [INFO] DbMcusJson:92 - JSON generation date=Wed Dec 09 11:22:40 CST 2020 (1607534560)
2020-12-24 16:23:33,021 [INFO] DbMcus:175 - Found 1761 MCUs (1722 are supported by CubeMX, 1752 are visible in CubeMX)
2020-12-24 16:23:33,022 [INFO] ApiDb:201 - Load user favorites file C:\Users\splat/.stm32cubeide/favorites.mcus.txt: 0 item(s)
2020-12-24 16:23:33,022 [INFO] ApiDb:205 - User favorites MCUs=[]
2020-12-24 16:23:33,022 [INFO] DbMcus:187 - Set 0 / 0 favorites MCUs
2020-12-24 16:23:33,512 [INFO] LoadUrlFilesThread:162 - End of LoadServerUrlFiles without Thread
2020-12-24 16:23:33,556 [INFO] DetailPanel:331 - Set advertising image to C:/Users/splat/STM32Cube/Repository/\stm32cubemx-promo_image.jpg
2020-12-24 16:23:33,897 [INFO] McuFilterPanel:245 - Update 0 favorites MCUs
2020-12-24 16:23:33,963 [INFO] DbBoardsPdsc:94 - Found 23 items
2020-12-24 16:23:33,965 [INFO] DbBoardsPdsc:94 - Found 9 items
2020-12-24 16:23:33,968 [INFO] DbBoardsPdsc:94 - Found 29 items
2020-12-24 16:23:33,970 [INFO] DbBoardsPdsc:94 - Found 1 items
2020-12-24 16:23:33,977 [INFO] DbBoardsPdsc:94 - Found 44 items
2020-12-24 16:23:33,984 [INFO] DbBoardsPdsc:94 - Found 40 items
2020-12-24 16:23:33,986 [INFO] DbBoardsPdsc:94 - Found 2 items
2020-12-24 16:23:33,988 [INFO] DbBoardsPdsc:94 - Found 4 items
2020-12-24 16:23:33,996 [WARN] DbBoardsPdsc:258 - Board STM32H7B3I-DK: unknown feature type=Audio, name=, username=Audio stereo codec with Headphone Amp (CS42L51-CNZ), n=1
2020-12-24 16:23:33,996 [WARN] DbBoardsPdsc:258 - Board STM32H735G-DK: unknown feature type=Audio, name=, username=Audio stereo codec with Headphone Amp (WM8994ECS/R), n=1
2020-12-24 16:23:33,998 [WARN] DbBoardsPdsc:258 - Board STM32H7B3I-EVAL: unknown feature type=Audio, name=, username=Multi-Channel Audio Codec (CS42L51-CNZ), n=1
2020-12-24 16:23:33,998 [WARN] DbBoardsPdsc:258 - Board STM32H7B3I-EVAL: unknown feature type=Meter, name=, username=Power-metering and Temperature-monitoring with sigma-delta modulators, n=1
2020-12-24 16:23:33,998 [WARN] DbBoardsPdsc:258 - Board STM32H7B3I-EVAL: unknown feature type=Motor, name=, username=Motor Control, n=1
2020-12-24 16:23:34,007 [INFO] DbBoardsJson:85 - JSON generation date=Thu Nov 05 08:55:26 CST 2020 (1604588126)
2020-12-24 16:23:34,013 [INFO] DbBoards:117 - Found 152 boards (149 are supported by CubeMX)
2020-12-24 16:23:34,019 [INFO] DbBoardsDocs:145 - JSON generation date=Wed Dec 09 11:22:40 CST 2020 (1607534560)
2020-12-24 16:23:34,035 [INFO] DbBoardsDocs:81 - Found 190 boards documents
2020-12-24 16:23:34,036 [WARN] DbBoards:127 - board B-L462E-CELL1 has no document id list !
2020-12-24 16:23:34,036 [WARN] DbBoards:127 - board B-L475E-IOT01A2 has no document id list !
2020-12-24 16:23:34,037 [WARN] DbBoards:127 - board NUCLEO-G491RE has no document id list !
2020-12-24 16:23:34,037 [WARN] DbBoards:127 - board NUCLEO-H743ZI2 has no document id list !
2020-12-24 16:23:34,038 [WARN] DbBoards:127 - board NUCLEO-WB55RG has no document id list !
2020-12-24 16:23:34,038 [WARN] DbBoards:127 - board P-NUCLEO-WB55-Nucleo has no document id list !
2020-12-24 16:23:34,038 [WARN] DbBoards:127 - board P-NUCLEO-WB55-USBDongle has no document id list !
2020-12-24 16:23:34,038 [WARN] DbBoards:127 - board STEVAL-BFA001V1B has no document id list !
2020-12-24 16:23:34,038 [WARN] DbBoards:127 - board STEVAL-BFA001V2B has no document id list !
2020-12-24 16:23:34,038 [WARN] DbBoards:127 - board STEVAL-IDP005V1 has no document id list !
2020-12-24 16:23:34,038 [WARN] DbBoards:127 - board STEVAL-IDP005V2 has no document id list !
2020-12-24 16:23:34,038 [WARN] DbBoards:127 - board STEVAL-MKSBOX1V1 has no document id list !
2020-12-24 16:23:34,038 [WARN] DbBoards:127 - board STEVAL-STWINKT1 has no document id list !
2020-12-24 16:23:34,039 [WARN] DbBoards:127 - board STM32F401C-DISCO has no document id list !
2020-12-24 16:23:34,039 [WARN] DbBoards:127 - board STM32F769I-DISC1 has no document id list !
2020-12-24 16:23:34,040 [WARN] DbBoards:127 - board STM32G474E-EVAL1 has no document id list !
2020-12-24 16:23:34,040 [WARN] DbBoards:127 - board STM32H743I-EVAL2 has no document id list !
2020-12-24 16:23:34,040 [WARN] DbBoards:127 - board STM32H747I-DISC1 has no document id list !
2020-12-24 16:23:34,040 [WARN] DbBoards:127 - board STM32H753I-EVAL2 has no document id list !
2020-12-24 16:23:34,040 [WARN] DbBoards:127 - board STM32L-DISCOVERY has no document id list !
2020-12-24 16:23:34,041 [WARN] DbBoards:127 - board STM32MP157A-DK1 has no document id list !
2020-12-24 16:23:34,041 [WARN] DbBoards:127 - board STM32MP157F-EV1 has no document id list !
2020-12-24 16:23:34,116 [ERROR] DbBoards:192 - No image file URL for board B-L462E-CELL1
2020-12-24 16:23:35,113 [INFO] ApiDb:201 - Load user favorites file C:\Users\splat/.stm32cubeide/favorites.boards.txt: 0 item(s)
2020-12-24 16:23:35,113 [INFO] ApiDb:205 - User favorites Boards=[]
2020-12-24 16:23:35,114 [INFO] DbBoards:206 - Set 0 / 0 favorites Boards
2020-12-24 16:23:35,383 [INFO] McuFinderGlobals:40 - Set McuFinder mode to 2 (CubeIDE integrated)
2020-12-24 16:23:35,399 [INFO] CrossSelectorPresenter:1330 - Cross Selector saved comparison directory: C:\Users\splat\.stmcufinder\plugins\mcufinder\mcu\cs_comparisons_mx
2020-12-24 16:23:35,400 [INFO] MultiScanPanel:193 - Auto-refresh data requested => check proxy status ongoing
2020-12-24 16:23:35,400 [INFO] FinderPluginLoader:87 - Searching for filters in installed packs
2020-12-24 16:23:35,560 [INFO] LoadUrlFilesThread:162 - End of LoadServerUrlFiles without Thread
2020-12-24 16:23:35,560 [INFO] DetailPanel:331 - Set advertising image to C:/Users/splat/STM32Cube/Repository/\stm32cubemx-promo_image.jpg
2020-12-24 16:23:35,757 [INFO] McuFilterPanel:245 - Update 0 favorites MCUs
2020-12-24 16:24:33,648 [INFO] MainUpdater:2268 - connection check result : 10
2020-12-24 16:24:33,648 [INFO] MainUpdater:2268 - connection check result : 10
2020-12-24 16:24:33,680 [INFO] MicroXplorer:384 - Change Database Path : 
2020-12-24 16:24:33,680 [INFO] MicroXplorer:414 - Change Database Version : DB.6.0.0
2020-12-24 16:24:33,680 [WARN] ThirdParty:775 - waiting for thirdparty lock release [close project]
2020-12-24 16:24:33,680 [INFO] ThirdParty:777 - entering critical section [close project]
2020-12-24 16:24:33,680 [INFO] ThirdParty:790 - exiting critical section [close project]
2020-12-24 16:24:33,682 [INFO] PinOutPanel:1418 - setPackage(No Configuration,No Configuration)
2020-12-24 16:24:33,683 [INFO] UtilMem:74 - Begin LoadConfig() Used Memory: 525240088 Bytes (656408576)
2020-12-24 16:24:33,684 [INFO] MicroXplorer:384 - Change Database Path : 
2020-12-24 16:24:33,684 [INFO] MicroXplorer:414 - Change Database Version : DB.6.0.0
2020-12-24 16:24:33,684 [INFO] OpenFileManager:274 - Change cursor
2020-12-24 16:24:35,678 [WARN] ApiManager:274 - Cannot register API 'Board Extension:S2868A1' from pack STMicroelectronics.X-CUBE-SUBG2.3.0.0: no header file found
2020-12-24 16:24:35,678 [WARN] ApiManager:274 - Cannot register API 'Board Extension:S2868A2' from pack STMicroelectronics.X-CUBE-SUBG2.3.0.0: no header file found
2020-12-24 16:24:35,678 [WARN] ApiManager:274 - Cannot register API 'Board Extension:S2915A1' from pack STMicroelectronics.X-CUBE-SUBG2.3.0.0: no header file found
2020-12-24 16:24:35,679 [WARN] ApiManager:274 - Cannot register API 'Board Extension:S2868A1' from pack STMicroelectronics.X-CUBE-SFXS2LP1.2.0.0: no header file found
2020-12-24 16:24:35,679 [WARN] ApiManager:274 - Cannot register API 'Board Extension:S2868A2' from pack STMicroelectronics.X-CUBE-SFXS2LP1.2.0.0: no header file found
2020-12-24 16:24:35,679 [WARN] ApiManager:274 - Cannot register API 'Board Extension:S2915A1' from pack STMicroelectronics.X-CUBE-SFXS2LP1.2.0.0: no header file found
2020-12-24 16:24:35,719 [WARN] ApiManager:274 - Cannot register API 'Board Extension:IKS01A3' from pack STMicroelectronics.X-CUBE-MEMS1.8.1.1: no header file found
2020-12-24 16:24:35,719 [WARN] ApiManager:274 - Cannot register API 'Board Extension:IKS01A2' from pack STMicroelectronics.X-CUBE-MEMS1.8.1.1: no header file found
2020-12-24 16:24:35,720 [WARN] ApiManager:274 - Cannot register API 'Board Extension:IKS02A1' from pack STMicroelectronics.X-CUBE-MEMS1.8.1.1: no header file found
2020-12-24 16:24:35,758 [WARN] ApiManager:274 - Cannot register API 'Board Extension:IKS01A3' from pack STMicroelectronics.X-CUBE-MEMS1.8.2.0: no header file found
2020-12-24 16:24:35,759 [WARN] ApiManager:274 - Cannot register API 'Board Extension:IKS01A2' from pack STMicroelectronics.X-CUBE-MEMS1.8.2.0: no header file found
2020-12-24 16:24:35,759 [WARN] ApiManager:274 - Cannot register API 'Board Extension:IKS02A1' from pack STMicroelectronics.X-CUBE-MEMS1.8.2.0: no header file found
2020-12-24 16:24:35,759 [WARN] ApiManager:274 - Cannot register API 'Board Extension:EEPRMA1' from pack STMicroelectronics.X-CUBE-EEPRMA1.3.0.0: no header file found
2020-12-24 16:24:35,760 [WARN] ApiManager:274 - Cannot register API 'Board Extension:EEPRMA2' from pack STMicroelectronics.X-CUBE-EEPRMA1.3.0.0: no header file found
2020-12-24 16:24:35,760 [INFO] DependencyParser:915 - This component is not compatible with the current MCU : [1608846594303]
2020-12-24 16:24:35,760 [INFO] ThirdPartyModel:556 - Component with status : MCU_INCOMPATIBLE for condition : GFX01M1_Condition id : 1608846594288
2020-12-24 16:24:35,760 [INFO] DependencyParser:915 - This component is not compatible with the current MCU : [1608846594303]
2020-12-24 16:24:35,761 [INFO] ThirdPartyModel:556 - Component with status : MCU_INCOMPATIBLE for condition : GFX01M1_HelloWorld_Condition id : 1608846594290
2020-12-24 16:24:35,762 [INFO] RtosManager:456 - Registered RTOS mode: class=CMSIS, group=RTOS, mode=CMSIS_V1, owner=FREERTOS
2020-12-24 16:24:35,762 [INFO] RtosManager:456 - Registered RTOS mode: class=CMSIS, group=RTOS2, mode=CMSIS_V2, owner=FREERTOS
2020-12-24 16:24:35,763 [INFO] RtosManager:456 - Registered RTOS mode: class=RTOS, group=Core, mode=CMSIS_V1, owner=FREERTOS
2020-12-24 16:24:35,763 [INFO] RtosManager:456 - Registered RTOS mode: class=RTOS, group=Core, mode=CMSIS_V2, owner=FREERTOS
2020-12-24 16:24:35,763 [WARN] ModelIntegratedComponent:188 - Missing modes for component 1600549038304
2020-12-24 16:24:35,763 [WARN] ApiManager:274 - Cannot register API 'Wireless:BlueNRG-2' from pack STMicroelectronics.X-CUBE-BLE2.2.0.0: no header file found
2020-12-24 16:24:35,764 [WARN] ApiManager:274 - Cannot register API 'Board Extension:GNSS1A1' from pack STMicroelectronics.X-CUBE-GNSS1.5.0.0: no header file found
2020-12-24 16:24:35,764 [WARN] ApiManager:274 - Cannot register API 'Board Support:Custom' from pack STMicroelectronics.X-CUBE-GNSS1.5.0.0: no header file found
2020-12-24 16:24:35,764 [WARN] ApiManager:274 - Cannot register API 'Data Exchange:lib_gnss' from pack STMicroelectronics.X-CUBE-GNSS1.5.0.0: no header file found
2020-12-24 16:24:35,765 [WARN] ApiManager:274 - Cannot register API 'Board Extension:GNSS1A1' from pack STMicroelectronics.X-CUBE-GNSS1.5.1.0: no header file found
2020-12-24 16:24:35,765 [WARN] ApiManager:274 - Cannot register API 'Board Support:Custom' from pack STMicroelectronics.X-CUBE-GNSS1.5.1.0: no header file found
2020-12-24 16:24:35,765 [WARN] ApiManager:274 - Cannot register API 'Data Exchange:lib_gnss' from pack STMicroelectronics.X-CUBE-GNSS1.5.1.0: no header file found
2020-12-24 16:24:35,765 [WARN] ApiManager:274 - Cannot register API 'Board Extension:S2868A1' from pack STMicroelectronics.X-CUBE-SUBG2.2.0.0: no header file found
2020-12-24 16:24:35,766 [WARN] ApiManager:274 - Cannot register API 'Board Extension:S2868A2' from pack STMicroelectronics.X-CUBE-SUBG2.2.0.0: no header file found
2020-12-24 16:24:35,766 [WARN] ApiManager:274 - Cannot register API 'Board Extension:S2915A1' from pack STMicroelectronics.X-CUBE-SUBG2.2.0.0: no header file found
2020-12-24 16:24:35,766 [WARN] ApiManager:274 - Cannot register API 'Wireless:BlueNRG-MS' from pack STMicroelectronics.X-CUBE-BLE1.6.0.0: no header file found
2020-12-24 16:24:35,766 [WARN] ApiManager:274 - Cannot register API 'Wireless:BlueNRG-MS' from pack STMicroelectronics.X-CUBE-BLE1.6.1.0: no header file found
2020-12-24 16:24:35,767 [WARN] ApiManager:274 - Cannot register API 'Board Extension:NFC04A1' from pack STMicroelectronics.X-CUBE-NFC4.2.0.1: no header file found
2020-12-24 16:24:35,768 [WARN] ApiManager:274 - Cannot register API 'Wireless:BlueNRG-2' from pack STMicroelectronics.X-CUBE-BLE2.3.1.0: no header file found
2020-12-24 16:24:36,003 [INFO] RtosManager:751 - Current active RTOS is FREERTOS [Cortex-M4NS]
2020-12-24 16:24:36,007 [INFO] ImportTextPane:162 - (OptionalMessage_ERROR) IP (DMA) : Parameter (Instance) has Id (USART1_RX) currently not set
2020-12-24 16:24:36,008 [INFO] ImportTextPane:162 - (OptionalMessage_ERROR) IP (DMA) : Parameter (Request) has Id (USART1_RX) currently not set
2020-12-24 16:24:36,008 [INFO] ImportTextPane:162 - (OptionalMessage_ERROR) IP (DMA) : Parameter (Direction) has Id (USART1_RX) currently not set
2020-12-24 16:24:36,008 [INFO] ImportTextPane:162 - (OptionalMessage_ERROR) IP (DMA) : Parameter (PeriphInc) has Id (USART1_RX) currently not set
2020-12-24 16:24:36,008 [INFO] ImportTextPane:162 - (OptionalMessage_ERROR) IP (DMA) : Parameter (MemInc) has Id (USART1_RX) currently not set
2020-12-24 16:24:36,009 [INFO] ImportTextPane:162 - (OptionalMessage_ERROR) IP (DMA) : Parameter (PeriphDataAlignment) has Id (USART1_RX) currently not set
2020-12-24 16:24:36,009 [INFO] ImportTextPane:162 - (OptionalMessage_ERROR) IP (DMA) : Parameter (MemDataAlignment) has Id (USART1_RX) currently not set
2020-12-24 16:24:36,009 [INFO] ImportTextPane:162 - (OptionalMessage_ERROR) IP (DMA) : Parameter (Mode) has Id (USART1_RX) currently not set
2020-12-24 16:24:36,009 [INFO] ImportTextPane:162 - (OptionalMessage_ERROR) IP (DMA) : Parameter (Priority) has Id (USART1_RX) currently not set
2020-12-24 16:24:36,009 [INFO] ImportTextPane:162 - (OptionalMessage_ERROR) IP (DMA) : Parameter (Instance) has Id (USART1_TX) currently not set
2020-12-24 16:24:36,009 [INFO] ImportTextPane:162 - (OptionalMessage_ERROR) IP (DMA) : Parameter (Request) has Id (USART1_TX) currently not set
2020-12-24 16:24:36,009 [INFO] ImportTextPane:162 - (OptionalMessage_ERROR) IP (DMA) : Parameter (Direction) has Id (USART1_TX) currently not set
2020-12-24 16:24:36,010 [INFO] ImportTextPane:162 - (OptionalMessage_ERROR) IP (DMA) : Parameter (PeriphInc) has Id (USART1_TX) currently not set
2020-12-24 16:24:36,010 [INFO] ImportTextPane:162 - (OptionalMessage_ERROR) IP (DMA) : Parameter (MemInc) has Id (USART1_TX) currently not set
2020-12-24 16:24:36,010 [INFO] ImportTextPane:162 - (OptionalMessage_ERROR) IP (DMA) : Parameter (PeriphDataAlignment) has Id (USART1_TX) currently not set
2020-12-24 16:24:36,010 [INFO] ImportTextPane:162 - (OptionalMessage_ERROR) IP (DMA) : Parameter (MemDataAlignment) has Id (USART1_TX) currently not set
2020-12-24 16:24:36,010 [INFO] ImportTextPane:162 - (OptionalMessage_ERROR) IP (DMA) : Parameter (Mode) has Id (USART1_TX) currently not set
2020-12-24 16:24:36,010 [INFO] ImportTextPane:162 - (OptionalMessage_ERROR) IP (DMA) : Parameter (Priority) has Id (USART1_TX) currently not set
2020-12-24 16:24:36,199 [INFO] UtilMem:74 - End LoadConfig() Used Memory: 506473752 Bytes (656408576)
2020-12-24 16:24:36,200 [WARN] ThirdParty:741 - waiting for thirdparty lock release [change project]
2020-12-24 16:24:36,201 [INFO] ThirdParty:743 - entering critical section [change project]
2020-12-24 16:24:36,201 [INFO] ThirdParty:968 - CMSIS Pack Vendor :STMicroelectronics USB_HOST 2.0.0
2020-12-24 16:24:36,201 [INFO] ThirdParty:968 - CMSIS Pack Vendor :STMicroelectronics X-CUBE-SUBG2 3.0.0
2020-12-24 16:24:36,201 [INFO] ThirdParty:968 - CMSIS Pack Vendor :STMicroelectronics USB_DEVICE 3.0.0
2020-12-24 16:24:36,201 [INFO] ThirdParty:968 - CMSIS Pack Vendor :STMicroelectronics MBEDTLS 2.16.2
2020-12-24 16:24:36,201 [INFO] ThirdParty:968 - CMSIS Pack Vendor :STMicroelectronics X-CUBE-SFXS2LP1 2.0.0
2020-12-24 16:24:36,201 [INFO] ThirdParty:968 - CMSIS Pack Vendor :STMicroelectronics MBEDTLS 2.14.1
2020-12-24 16:24:36,201 [INFO] ThirdParty:968 - CMSIS Pack Vendor :STMicroelectronics USB_DEVICE 2.0.0
2020-12-24 16:24:36,201 [INFO] ThirdParty:968 - CMSIS Pack Vendor :STMicroelectronics X-CUBE-MEMS1 8.1.1
2020-12-24 16:24:36,201 [INFO] ThirdParty:968 - CMSIS Pack Vendor :STMicroelectronics X-CUBE-MEMS1 8.2.0
2020-12-24 16:24:36,201 [INFO] ThirdParty:968 - CMSIS Pack Vendor :STMicroelectronics X-CUBE-EEPRMA1 3.0.0
2020-12-24 16:24:36,201 [INFO] ThirdParty:968 - CMSIS Pack Vendor :STMicroelectronics X-CUBE-DISPLAY 1.0.0
2020-12-24 16:24:36,202 [INFO] ThirdParty:968 - CMSIS Pack Vendor :STMicroelectronics FreeRTOS 0.0.1
2020-12-24 16:24:36,202 [INFO] ThirdParty:968 - CMSIS Pack Vendor :STMicroelectronics USB_DEVICE 1.0.0
2020-12-24 16:24:36,202 [INFO] ThirdParty:968 - CMSIS Pack Vendor :STMicroelectronics X-CUBE-BLE2 2.0.0
2020-12-24 16:24:36,202 [INFO] ThirdParty:968 - CMSIS Pack Vendor :STMicroelectronics X-CUBE-ALGOBUILD 1.1.0
2020-12-24 16:24:36,202 [INFO] ThirdParty:968 - CMSIS Pack Vendor :STMicroelectronics X-CUBE-GNSS1 5.0.0
2020-12-24 16:24:36,202 [INFO] ThirdParty:968 - CMSIS Pack Vendor :STMicroelectronics X-CUBE-GNSS1 5.1.0
2020-12-24 16:24:36,202 [INFO] ThirdParty:968 - CMSIS Pack Vendor :STMicroelectronics X-CUBE-SUBG2 2.0.0
2020-12-24 16:24:36,202 [INFO] ThirdParty:968 - CMSIS Pack Vendor :STMicroelectronics X-CUBE-BLE1 6.0.0
2020-12-24 16:24:36,202 [INFO] ThirdParty:968 - CMSIS Pack Vendor :STMicroelectronics X-CUBE-BLE1 6.1.0
2020-12-24 16:24:36,203 [INFO] ThirdParty:968 - CMSIS Pack Vendor :STMicroelectronics lwIP 2.0.3
2020-12-24 16:24:36,203 [INFO] ThirdParty:968 - CMSIS Pack Vendor :STMicroelectronics lwIP 2.1.2
2020-12-24 16:24:36,203 [INFO] ThirdParty:968 - CMSIS Pack Vendor :STMicroelectronics USB_HOST 1.0.0
2020-12-24 16:24:36,203 [INFO] ThirdParty:968 - CMSIS Pack Vendor :STMicroelectronics X-CUBE-TOUCHGFX 4.14.0
2020-12-24 16:24:36,203 [INFO] ThirdParty:968 - CMSIS Pack Vendor :STMicroelectronics X-CUBE-AI 5.2.0
2020-12-24 16:24:36,203 [INFO] ThirdParty:968 - CMSIS Pack Vendor :STMicroelectronics X-CUBE-NFC4 2.0.1
2020-12-24 16:24:36,203 [INFO] ThirdParty:968 - CMSIS Pack Vendor :STMicroelectronics X-CUBE-AI 5.1.2
2020-12-24 16:24:36,203 [INFO] ThirdParty:968 - CMSIS Pack Vendor :STMicroelectronics X-CUBE-NFC4 2.0.0
2020-12-24 16:24:36,203 [INFO] ThirdParty:968 - CMSIS Pack Vendor :STMicroelectronics PDM2PCM 3.1.0
2020-12-24 16:24:36,203 [INFO] ThirdParty:968 - CMSIS Pack Vendor :STMicroelectronics X-CUBE-TOUCHGFX 4.16.0
2020-12-24 16:24:36,203 [INFO] ThirdParty:968 - CMSIS Pack Vendor :STMicroelectronics PDM2PCM 3.2.0
2020-12-24 16:24:36,204 [INFO] ThirdParty:968 - CMSIS Pack Vendor :STMicroelectronics X-CUBE-BLE2 3.1.0
2020-12-24 16:24:36,204 [INFO] ThirdParty:968 - CMSIS Pack Vendor :STMicroelectronics PDM2PCM 3.3.0
2020-12-24 16:24:36,204 [INFO] ThirdParty:749 - exiting critical section [change project]
2020-12-24 16:24:36,429 [INFO] PinOutPanel:1418 - setPackage(No Configuration,No Configuration)
2020-12-24 16:24:36,431 [INFO] PinOutPanel:1418 - setPackage(STM32L433RCTxP,LQFP64)
2020-12-24 16:24:36,953 [INFO] UtilMem:74 - Before build in PCC Used Memory: 420220536 Bytes (656408576)
2020-12-24 16:24:37,404 [INFO] SharedServices:71 - Folder for power plug-in: C:/Users/splat/.stm32cubemx/plugins/power
2020-12-24 16:24:37,441 [INFO] SharedServices:71 - Folder for power plug-in: C:/Users/splat/.stm32cubemx/plugins/power
2020-12-24 16:24:37,525 [INFO] SharedServices:71 - Folder for power plug-in: C:/Users/splat/.stm32cubemx/plugins/power
2020-12-24 16:24:37,532 [INFO] SharedServices:71 - Folder for power plug-in: C:/Users/splat/.stm32cubemx/plugins/power
2020-12-24 16:24:37,708 [INFO] UtilMem:74 - After build in PCC Used Memory: 527701616 Bytes (656408576)
2020-12-24 16:24:37,731 [INFO] IPUIPlugin:64 - create IPUIPlugin
2020-12-24 16:24:37,732 [INFO] IPUIPlugin:64 - create IPUIPlugin
2020-12-24 16:24:37,732 [INFO] IPUIPlugin:64 - create IPUIPlugin
2020-12-24 16:24:37,732 [INFO] IPUIPlugin:64 - create IPUIPlugin
2020-12-24 16:24:37,732 [INFO] IPUIPlugin:64 - create IPUIPlugin
2020-12-24 16:24:37,732 [INFO] IPUIPlugin:64 - create IPUIPlugin
2020-12-24 16:24:37,732 [INFO] IPUIPlugin:64 - create IPUIPlugin
2020-12-24 16:24:37,733 [INFO] IPUIPlugin:64 - create IPUIPlugin
2020-12-24 16:24:37,733 [INFO] IPUIPlugin:64 - create IPUIPlugin
2020-12-24 16:24:37,733 [INFO] IPUIPlugin:64 - create IPUIPlugin
2020-12-24 16:24:37,733 [INFO] IPUIPlugin:64 - create IPUIPlugin
2020-12-24 16:24:37,733 [INFO] IPUIPlugin:64 - create IPUIPlugin
2020-12-24 16:24:37,733 [INFO] IPUIPlugin:64 - create IPUIPlugin
2020-12-24 16:24:37,733 [INFO] IPUIPlugin:64 - create IPUIPlugin
2020-12-24 16:24:37,734 [INFO] IPUIPlugin:64 - create IPUIPlugin
2020-12-24 16:24:37,734 [INFO] IPUIPlugin:64 - create IPUIPlugin
2020-12-24 16:24:37,734 [INFO] IPUIPlugin:64 - create IPUIPlugin
2020-12-24 16:24:37,734 [INFO] IPUIPlugin:64 - create IPUIPlugin
2020-12-24 16:24:37,734 [INFO] IPUIPlugin:64 - create IPUIPlugin
2020-12-24 16:24:37,735 [INFO] IPUIPlugin:64 - create IPUIPlugin
2020-12-24 16:24:37,735 [INFO] IPUIPlugin:64 - create IPUIPlugin
2020-12-24 16:24:37,735 [INFO] IPUIPlugin:64 - create IPUIPlugin
2020-12-24 16:24:37,735 [INFO] IPUIPlugin:64 - create IPUIPlugin
2020-12-24 16:24:37,735 [INFO] IPUIPlugin:64 - create IPUIPlugin
2020-12-24 16:24:37,736 [INFO] IPUIPlugin:64 - create IPUIPlugin
2020-12-24 16:24:37,736 [INFO] IPUIPlugin:64 - create IPUIPlugin
2020-12-24 16:24:37,736 [INFO] IPUIPlugin:64 - create IPUIPlugin
2020-12-24 16:24:37,736 [INFO] IPUIPlugin:64 - create IPUIPlugin
2020-12-24 16:24:37,736 [INFO] IPUIPlugin:64 - create IPUIPlugin
2020-12-24 16:24:37,736 [INFO] IPUIPlugin:64 - create IPUIPlugin
2020-12-24 16:24:37,736 [INFO] IPUIPlugin:64 - create IPUIPlugin
2020-12-24 16:24:37,737 [INFO] IPUIPlugin:64 - create IPUIPlugin
2020-12-24 16:24:37,737 [INFO] IPUIPlugin:64 - create IPUIPlugin
2020-12-24 16:24:37,737 [INFO] IPUIPlugin:64 - create IPUIPlugin
2020-12-24 16:24:37,737 [INFO] IPUIPlugin:64 - create IPUIPlugin
2020-12-24 16:24:37,737 [INFO] IPUIPlugin:64 - create IPUIPlugin
2020-12-24 16:24:37,737 [INFO] IPUIPlugin:64 - create IPUIPlugin
2020-12-24 16:24:37,737 [INFO] IPUIPlugin:64 - create IPUIPlugin
2020-12-24 16:24:37,737 [INFO] IPUIPlugin:64 - create IPUIPlugin
2020-12-24 16:24:37,738 [INFO] IPUIPlugin:64 - create IPUIPlugin
2020-12-24 16:24:37,738 [INFO] IPUIPlugin:64 - create IPUIPlugin
2020-12-24 16:24:37,738 [INFO] IPUIPlugin:64 - create IPUIPlugin
2020-12-24 16:24:37,738 [INFO] IPUIPlugin:64 - create IPUIPlugin
2020-12-24 16:24:37,738 [INFO] IPUIPlugin:64 - create IPUIPlugin
2020-12-24 16:24:37,739 [INFO] IPUIPlugin:64 - create IPUIPlugin
2020-12-24 16:24:37,772 [ERROR] FreeRTOS:936 - Null or empty value: should not occur! (nothing added to the table)
2020-12-24 16:24:37,846 [INFO] ApiDbMcu:456 - Load IP Config File for FREERTOS
2020-12-24 16:24:37,865 [INFO] LogOutputStream:76 - [STDOUT_REDIRECT] toolchainItems.length=====1
2020-12-24 16:24:38,045 [INFO] RtosManager:573 - Active RTOS found at IOC load: FREERTOS [Cortex-M4NS]
2020-12-24 16:24:38,046 [INFO] OpenFileManager:294 - Restore cursor
2020-12-24 16:24:38,333 [INFO] UtilMem:74 - End SaveConfig() Used Memory: 493790064 Bytes (656408576)
2020-12-24 16:24:38,434 [INFO] UtilMem:74 - End SaveConfig() Used Memory: 500081520 Bytes (656408576)
2020-12-24 16:24:41,257 [INFO] BlockDiagram:2729 - set Specific Code input for plugin: SPI
2020-12-24 16:24:41,258 [INFO] BlockDiagram:2729 - set Specific Code input for plugin: NVIC
2020-12-24 16:24:41,258 [INFO] BlockDiagram:2729 - set Specific Code input for plugin: FREERTOS
2020-12-24 16:24:41,258 [INFO] BlockDiagram:2729 - set Specific Code input for plugin: USART
2020-12-24 16:24:41,258 [INFO] BlockDiagram:2729 - set Specific Code input for plugin: DMA
2020-12-24 16:24:41,258 [INFO] BlockDiagram:2729 - set Specific Code input for plugin: SYS
2020-12-24 16:24:41,258 [INFO] BlockDiagram:2729 - set Specific Code input for plugin: GPIO
2020-12-24 16:24:41,258 [INFO] BlockDiagram:2729 - set Specific Code input for plugin: RCC
2020-12-24 16:24:41,259 [INFO] CodeGenerator:622 - code generatio: config db path: C:\ST\STM32CubeIDE_1.4.0\STM32CubeIDE\plugins\com.st.stm32cube.common.mx_6.0.0.202007160824\\db\
2020-12-24 16:24:41,695 [INFO] CodeEngine:188 - oldGeneratedFile, C:\Users\splat\Documents\firmware\garage_door_opener_sandbox\garage_door_opener\MXTmpFiles\license.tmp_save
2020-12-24 16:24:42,110 [INFO] CodeEngine:206 - Generated code: C:\Users\splat\Documents\firmware\garage_door_opener_sandbox\garage_door_opener\MXTmpFiles\license.tmp
2020-12-24 16:24:42,244 [INFO] CodeEngine:188 - oldGeneratedFile, C:\Users\splat\Documents\firmware\garage_door_opener_sandbox\garage_door_opener\MXTmpFiles\gpio.tmp_save
2020-12-24 16:24:42,354 [INFO] CodeEngine:206 - Generated code: C:\Users\splat\Documents\firmware\garage_door_opener_sandbox\garage_door_opener\MXTmpFiles\gpio.tmp
2020-12-24 16:24:42,753 [INFO] LogOutputStream:76 - [STDOUT_REDIRECT] Command line
2020-12-24 16:24:42,774 [INFO] Middleware:1168 - No code input for Bsp Dependency
2020-12-24 16:24:42,792 [INFO] CodeEngine:188 - oldGeneratedFile, C:\Users\splat\Documents\firmware\garage_door_opener_sandbox\garage_door_opener\MXTmpFiles\rtos_inc.tmp_save
2020-12-24 16:24:42,869 [INFO] CodeEngine:206 - Generated code: C:\Users\splat\Documents\firmware\garage_door_opener_sandbox\garage_door_opener\MXTmpFiles\rtos_inc.tmp
2020-12-24 16:24:42,886 [INFO] CodeEngine:188 - oldGeneratedFile, C:\Users\splat\Documents\firmware\garage_door_opener_sandbox\garage_door_opener\MXTmpFiles\rtos_kernelInit.tmp_save
2020-12-24 16:24:42,964 [INFO] CodeEngine:206 - Generated code: C:\Users\splat\Documents\firmware\garage_door_opener_sandbox\garage_door_opener\MXTmpFiles\rtos_kernelInit.tmp
2020-12-24 16:24:42,994 [INFO] CodeEngine:188 - oldGeneratedFile, C:\Users\splat\Documents\firmware\garage_door_opener_sandbox\garage_door_opener\MXTmpFiles\rtos_kernelStart.tmp_save
2020-12-24 16:24:43,065 [INFO] CodeEngine:206 - Generated code: C:\Users\splat\Documents\firmware\garage_door_opener_sandbox\garage_door_opener\MXTmpFiles\rtos_kernelStart.tmp
2020-12-24 16:24:43,091 [INFO] CodeEngine:188 - oldGeneratedFile, C:\Users\splat\Documents\firmware\garage_door_opener_sandbox\garage_door_opener\MXTmpFiles\rtos_typedefs.tmp_save
2020-12-24 16:24:43,170 [INFO] CodeEngine:206 - Generated code: C:\Users\splat\Documents\firmware\garage_door_opener_sandbox\garage_door_opener\MXTmpFiles\rtos_typedefs.tmp
2020-12-24 16:24:43,214 [INFO] CodeEngine:188 - oldGeneratedFile, C:\Users\splat\Documents\firmware\garage_door_opener_sandbox\garage_door_opener\MXTmpFiles\rtos_vars.tmp_save
2020-12-24 16:24:43,295 [INFO] CodeEngine:206 - Generated code: C:\Users\splat\Documents\firmware\garage_door_opener_sandbox\garage_door_opener\MXTmpFiles\rtos_vars.tmp
2020-12-24 16:24:43,316 [INFO] CodeEngine:188 - oldGeneratedFile, C:\Users\splat\Documents\firmware\garage_door_opener_sandbox\garage_door_opener\MXTmpFiles\rtos_pfp.tmp_save
2020-12-24 16:24:43,386 [INFO] CodeEngine:206 - Generated code: C:\Users\splat\Documents\firmware\garage_door_opener_sandbox\garage_door_opener\MXTmpFiles\rtos_pfp.tmp
2020-12-24 16:24:43,412 [INFO] CodeEngine:188 - oldGeneratedFile, C:\Users\splat\Documents\firmware\garage_door_opener_sandbox\garage_door_opener\MXTmpFiles\rtos_obj_creat.tmp_save
2020-12-24 16:24:43,479 [INFO] CodeEngine:206 - Generated code: C:\Users\splat\Documents\firmware\garage_door_opener_sandbox\garage_door_opener\MXTmpFiles\rtos_obj_creat.tmp
2020-12-24 16:24:43,502 [INFO] CodeEngine:188 - oldGeneratedFile, C:\Users\splat\Documents\firmware\garage_door_opener_sandbox\garage_door_opener\MXTmpFiles\rtos_default_thread.tmp_save
2020-12-24 16:24:43,565 [INFO] CodeEngine:206 - Generated code: C:\Users\splat\Documents\firmware\garage_door_opener_sandbox\garage_door_opener\MXTmpFiles\rtos_default_thread.tmp
2020-12-24 16:24:43,590 [INFO] CodeEngine:188 - oldGeneratedFile, C:\Users\splat\Documents\firmware\garage_door_opener_sandbox\garage_door_opener\MXTmpFiles\rtos_threads.tmp_save
2020-12-24 16:24:43,667 [INFO] CodeEngine:206 - Generated code: C:\Users\splat\Documents\firmware\garage_door_opener_sandbox\garage_door_opener\MXTmpFiles\rtos_threads.tmp
2020-12-24 16:24:43,695 [INFO] CodeEngine:188 - oldGeneratedFile, C:\Users\splat\Documents\firmware\garage_door_opener_sandbox\garage_door_opener\Core\Inc\FreeRTOSConfig.h_save
2020-12-24 16:24:43,794 [INFO] CodeEngine:206 - Generated code: C:\Users\splat\Documents\firmware\garage_door_opener_sandbox\garage_door_opener\Core\Inc\FreeRTOSConfig.h
2020-12-24 16:24:43,818 [INFO] CodeEngine:188 - oldGeneratedFile, C:\Users\splat\Documents\firmware\garage_door_opener_sandbox\garage_door_opener\Core\Src\freertos.c_save
2020-12-24 16:24:43,901 [INFO] CodeEngine:206 - Generated code: C:\Users\splat\Documents\firmware\garage_door_opener_sandbox\garage_door_opener\Core\Src\freertos.c
2020-12-24 16:24:43,902 [INFO] LogOutputStream:76 - [STDOUT_REDIRECT] Command line
2020-12-24 16:24:43,986 [INFO] CodeEngine:188 - oldGeneratedFile, C:\Users\splat\Documents\firmware\garage_door_opener_sandbox\garage_door_opener\MXTmpFiles\dma.tmp_save
2020-12-24 16:24:44,041 [INFO] CodeEngine:206 - Generated code: C:\Users\splat\Documents\firmware\garage_door_opener_sandbox\garage_door_opener\MXTmpFiles\dma.tmp
2020-12-24 16:24:44,059 [INFO] CodeEngine:188 - oldGeneratedFile, C:\Users\splat\Documents\firmware\garage_door_opener_sandbox\garage_door_opener\MXTmpFiles\dma_GV.tmp_save
2020-12-24 16:24:44,111 [INFO] CodeEngine:206 - Generated code: C:\Users\splat\Documents\firmware\garage_door_opener_sandbox\garage_door_opener\MXTmpFiles\dma_GV.tmp
2020-12-24 16:24:44,113 [INFO] LogOutputStream:76 - [STDOUT_REDIRECT] Command line
2020-12-24 16:24:44,114 [INFO] LogOutputStream:76 - [STDOUT_REDIRECT] Command line
2020-12-24 16:24:44,138 [INFO] CodeEngine:188 - oldGeneratedFile, C:\Users\splat\Documents\firmware\garage_door_opener_sandbox\garage_door_opener\Core\Src\stm32l4xx_it.c_save
2020-12-24 16:24:44,237 [INFO] CodeEngine:206 - Generated code: C:\Users\splat\Documents\firmware\garage_door_opener_sandbox\garage_door_opener\Core\Src\stm32l4xx_it.c
2020-12-24 16:24:44,257 [INFO] CodeEngine:188 - oldGeneratedFile, C:\Users\splat\Documents\firmware\garage_door_opener_sandbox\garage_door_opener\Core\Inc\stm32l4xx_it.h_save
2020-12-24 16:24:44,320 [INFO] CodeEngine:206 - Generated code: C:\Users\splat\Documents\firmware\garage_door_opener_sandbox\garage_door_opener\Core\Inc\stm32l4xx_it.h
2020-12-24 16:24:44,346 [INFO] CodeEngine:188 - oldGeneratedFile, C:\Users\splat\Documents\firmware\garage_door_opener_sandbox\garage_door_opener\Core\Src\stm32l4xx_hal_msp.c_save
2020-12-24 16:24:44,448 [INFO] CodeEngine:206 - Generated code: C:\Users\splat\Documents\firmware\garage_door_opener_sandbox\garage_door_opener\Core\Src\stm32l4xx_hal_msp.c
2020-12-24 16:24:44,471 [INFO] CodeEngine:188 - oldGeneratedFile, C:\Users\splat\Documents\firmware\garage_door_opener_sandbox\garage_door_opener\MXTmpFiles\system.tmp_save
2020-12-24 16:24:44,552 [INFO] CodeEngine:206 - Generated code: C:\Users\splat\Documents\firmware\garage_door_opener_sandbox\garage_door_opener\MXTmpFiles\system.tmp
2020-12-24 16:24:44,577 [INFO] CodeEngine:188 - oldGeneratedFile, C:\Users\splat\Documents\firmware\garage_door_opener_sandbox\garage_door_opener\Core\Inc\stm32l4xx_hal_conf.h_save
2020-12-24 16:24:44,645 [INFO] CodeEngine:206 - Generated code: C:\Users\splat\Documents\firmware\garage_door_opener_sandbox\garage_door_opener\Core\Inc\stm32l4xx_hal_conf.h
2020-12-24 16:24:44,679 [WARN] IPConfigManager:2884 - IP not found : gpio
2020-12-24 16:24:44,680 [WARN] CodeGenerator:2866 - IP not found : gpio
2020-12-24 16:24:44,712 [INFO] CodeEngine:188 - oldGeneratedFile, C:\Users\splat\Documents\firmware\garage_door_opener_sandbox\garage_door_opener\Core\Inc\main.h_save
2020-12-24 16:24:44,790 [INFO] CodeEngine:206 - Generated code: C:\Users\splat\Documents\firmware\garage_door_opener_sandbox\garage_door_opener\Core\Inc\main.h
2020-12-24 16:24:44,812 [INFO] CodeEngine:188 - oldGeneratedFile, C:\Users\splat\Documents\firmware\garage_door_opener_sandbox\garage_door_opener\Core\Src\main.c_save
2020-12-24 16:24:44,932 [INFO] CodeEngine:206 - Generated code: C:\Users\splat\Documents\firmware\garage_door_opener_sandbox\garage_door_opener\Core\Src\main.c
2020-12-24 16:24:45,627 [INFO] ProjectBuilder:2168 - Time for Copy HAL[1] : 121mS.
2020-12-24 16:24:45,635 [INFO] ProjectBuilder:2988 - Project Generator version: 3.10.0-B14
2020-12-24 16:24:45,968 [INFO] ConfigFileManager:1183 - The Die is : DIE435
2020-12-24 16:24:45,974 [INFO] ApiDbMcu:456 - Load IP Config File for FATFS
2020-12-24 16:24:45,985 [INFO] ApiDbMcu:456 - Load IP Config File for TOUCHSENSING
2020-12-24 16:24:45,993 [INFO] ApiDbMcu:456 - Load IP Config File for USB_DEVICE
2020-12-24 16:24:50,397 [ERROR] root:96 - SUCCESS
2020-12-24 16:24:50,426 [INFO] ProjectBuilder:3155 - Time for Generating toolchain IDE Files: 4791mS.
2020-12-24 16:24:50,427 [INFO] ProjectBuilder:2044 - Time for Copy CMSIS : 1mS.
2020-12-24 16:24:50,433 [INFO] ProjectBuilder:2044 - Time for Copy CMSIS : 0mS.
2020-12-24 18:39:25,969 [INFO] UtilMem:74 - End SaveConfig() Used Memory: 551272000 Bytes (1012924416)
2020-12-24 18:46:48,712 [INFO] DmaTabbedPanel:192 - Cannot restore the selected Tab for DMA
2020-12-24 18:47:24,436 [INFO] NvicIntPanel:90 - NVIC parent = com.st.microxplorer.plugins.ip.nvic.MultiNvicIntPanel[,0,0,870x1303,layout=javax.swing.BoxLayout,alignmentX=0.0,alignmentY=0.0,border=,flags=9,maximumSize=,minimumSize=,preferredSize=]
2020-12-24 19:20:55,679 [INFO] DbMcusDocs:145 - JSON generation date=Wed Dec 09 11:22:40 CST 2020 (1607534560)
2020-12-24 19:20:55,805 [INFO] DbMcusDocs:81 - Found 612 MCUs documents
2021-02-20 18:21:04,414 [INFO] Activator:178 - 


2021-02-20 18:21:04,414 [INFO] Activator:179 - !SESSION log4j initialized
